   1               		.file	"video_font.c"
   2               	__SP_H__ = 0x3e
   3               	__SP_L__ = 0x3d
   4               	__SREG__ = 0x3f
   5               	__tmp_reg__ = 0
   6               	__zero_reg__ = 1
   7               		.text
   8               	.Ltext0:
   9               		.cfi_sections	.debug_frame
  10               	.global	font5x7
  11               		.section	.progmem.data,"a",@progbits
  14               	font5x7:
  15 0000 00        		.byte	0
  16 0001 00        		.byte	0
  17 0002 00        		.byte	0
  18 0003 00        		.byte	0
  19 0004 00        		.byte	0
  20 0005 00        		.byte	0
  21 0006 00        		.byte	0
  22 0007 5F        		.byte	95
  23 0008 00        		.byte	0
  24 0009 00        		.byte	0
  25 000a 00        		.byte	0
  26 000b 07        		.byte	7
  27 000c 00        		.byte	0
  28 000d 07        		.byte	7
  29 000e 00        		.byte	0
  30 000f 14        		.byte	20
  31 0010 7F        		.byte	127
  32 0011 14        		.byte	20
  33 0012 7F        		.byte	127
  34 0013 14        		.byte	20
  35 0014 24        		.byte	36
  36 0015 2A        		.byte	42
  37 0016 7F        		.byte	127
  38 0017 2A        		.byte	42
  39 0018 12        		.byte	18
  40 0019 23        		.byte	35
  41 001a 13        		.byte	19
  42 001b 08        		.byte	8
  43 001c 64        		.byte	100
  44 001d 62        		.byte	98
  45 001e 36        		.byte	54
  46 001f 49        		.byte	73
  47 0020 55        		.byte	85
  48 0021 22        		.byte	34
  49 0022 50        		.byte	80
  50 0023 00        		.byte	0
  51 0024 00        		.byte	0
  52 0025 03        		.byte	3
  53 0026 00        		.byte	0
  54 0027 00        		.byte	0
  55 0028 00        		.byte	0
  56 0029 1C        		.byte	28
  57 002a 22        		.byte	34
  58 002b 41        		.byte	65
  59 002c 00        		.byte	0
  60 002d 00        		.byte	0
  61 002e 41        		.byte	65
  62 002f 22        		.byte	34
  63 0030 1C        		.byte	28
  64 0031 00        		.byte	0
  65 0032 14        		.byte	20
  66 0033 08        		.byte	8
  67 0034 3E        		.byte	62
  68 0035 08        		.byte	8
  69 0036 14        		.byte	20
  70 0037 08        		.byte	8
  71 0038 08        		.byte	8
  72 0039 3E        		.byte	62
  73 003a 08        		.byte	8
  74 003b 08        		.byte	8
  75 003c 00        		.byte	0
  76 003d 50        		.byte	80
  77 003e 30        		.byte	48
  78 003f 00        		.byte	0
  79 0040 00        		.byte	0
  80 0041 08        		.byte	8
  81 0042 08        		.byte	8
  82 0043 08        		.byte	8
  83 0044 08        		.byte	8
  84 0045 08        		.byte	8
  85 0046 00        		.byte	0
  86 0047 60        		.byte	96
  87 0048 60        		.byte	96
  88 0049 00        		.byte	0
  89 004a 00        		.byte	0
  90 004b 20        		.byte	32
  91 004c 10        		.byte	16
  92 004d 08        		.byte	8
  93 004e 04        		.byte	4
  94 004f 02        		.byte	2
  95 0050 3E        		.byte	62
  96 0051 51        		.byte	81
  97 0052 49        		.byte	73
  98 0053 45        		.byte	69
  99 0054 3E        		.byte	62
 100 0055 00        		.byte	0
 101 0056 42        		.byte	66
 102 0057 7F        		.byte	127
 103 0058 40        		.byte	64
 104 0059 00        		.byte	0
 105 005a 62        		.byte	98
 106 005b 51        		.byte	81
 107 005c 49        		.byte	73
 108 005d 49        		.byte	73
 109 005e 46        		.byte	70
 110 005f 22        		.byte	34
 111 0060 41        		.byte	65
 112 0061 49        		.byte	73
 113 0062 49        		.byte	73
 114 0063 36        		.byte	54
 115 0064 18        		.byte	24
 116 0065 14        		.byte	20
 117 0066 12        		.byte	18
 118 0067 7F        		.byte	127
 119 0068 10        		.byte	16
 120 0069 27        		.byte	39
 121 006a 45        		.byte	69
 122 006b 45        		.byte	69
 123 006c 45        		.byte	69
 124 006d 39        		.byte	57
 125 006e 3C        		.byte	60
 126 006f 4A        		.byte	74
 127 0070 49        		.byte	73
 128 0071 49        		.byte	73
 129 0072 30        		.byte	48
 130 0073 01        		.byte	1
 131 0074 71        		.byte	113
 132 0075 09        		.byte	9
 133 0076 05        		.byte	5
 134 0077 03        		.byte	3
 135 0078 36        		.byte	54
 136 0079 49        		.byte	73
 137 007a 49        		.byte	73
 138 007b 49        		.byte	73
 139 007c 36        		.byte	54
 140 007d 06        		.byte	6
 141 007e 49        		.byte	73
 142 007f 49        		.byte	73
 143 0080 29        		.byte	41
 144 0081 1E        		.byte	30
 145 0082 00        		.byte	0
 146 0083 36        		.byte	54
 147 0084 36        		.byte	54
 148 0085 00        		.byte	0
 149 0086 00        		.byte	0
 150 0087 00        		.byte	0
 151 0088 56        		.byte	86
 152 0089 36        		.byte	54
 153 008a 00        		.byte	0
 154 008b 00        		.byte	0
 155 008c 08        		.byte	8
 156 008d 14        		.byte	20
 157 008e 22        		.byte	34
 158 008f 41        		.byte	65
 159 0090 00        		.byte	0
 160 0091 14        		.byte	20
 161 0092 14        		.byte	20
 162 0093 14        		.byte	20
 163 0094 14        		.byte	20
 164 0095 14        		.byte	20
 165 0096 00        		.byte	0
 166 0097 41        		.byte	65
 167 0098 22        		.byte	34
 168 0099 14        		.byte	20
 169 009a 08        		.byte	8
 170 009b 02        		.byte	2
 171 009c 01        		.byte	1
 172 009d 51        		.byte	81
 173 009e 09        		.byte	9
 174 009f 06        		.byte	6
 175 00a0 32        		.byte	50
 176 00a1 49        		.byte	73
 177 00a2 79        		.byte	121
 178 00a3 41        		.byte	65
 179 00a4 3E        		.byte	62
 180 00a5 7C        		.byte	124
 181 00a6 12        		.byte	18
 182 00a7 11        		.byte	17
 183 00a8 12        		.byte	18
 184 00a9 7C        		.byte	124
 185 00aa 41        		.byte	65
 186 00ab 7F        		.byte	127
 187 00ac 49        		.byte	73
 188 00ad 49        		.byte	73
 189 00ae 36        		.byte	54
 190 00af 3E        		.byte	62
 191 00b0 41        		.byte	65
 192 00b1 41        		.byte	65
 193 00b2 41        		.byte	65
 194 00b3 22        		.byte	34
 195 00b4 41        		.byte	65
 196 00b5 7F        		.byte	127
 197 00b6 41        		.byte	65
 198 00b7 41        		.byte	65
 199 00b8 3E        		.byte	62
 200 00b9 7F        		.byte	127
 201 00ba 49        		.byte	73
 202 00bb 49        		.byte	73
 203 00bc 49        		.byte	73
 204 00bd 41        		.byte	65
 205 00be 7F        		.byte	127
 206 00bf 09        		.byte	9
 207 00c0 09        		.byte	9
 208 00c1 09        		.byte	9
 209 00c2 01        		.byte	1
 210 00c3 3E        		.byte	62
 211 00c4 41        		.byte	65
 212 00c5 41        		.byte	65
 213 00c6 49        		.byte	73
 214 00c7 7A        		.byte	122
 215 00c8 7F        		.byte	127
 216 00c9 08        		.byte	8
 217 00ca 08        		.byte	8
 218 00cb 08        		.byte	8
 219 00cc 7F        		.byte	127
 220 00cd 00        		.byte	0
 221 00ce 41        		.byte	65
 222 00cf 7F        		.byte	127
 223 00d0 41        		.byte	65
 224 00d1 00        		.byte	0
 225 00d2 20        		.byte	32
 226 00d3 40        		.byte	64
 227 00d4 41        		.byte	65
 228 00d5 3F        		.byte	63
 229 00d6 01        		.byte	1
 230 00d7 7F        		.byte	127
 231 00d8 08        		.byte	8
 232 00d9 14        		.byte	20
 233 00da 22        		.byte	34
 234 00db 41        		.byte	65
 235 00dc 7F        		.byte	127
 236 00dd 40        		.byte	64
 237 00de 40        		.byte	64
 238 00df 40        		.byte	64
 239 00e0 40        		.byte	64
 240 00e1 7F        		.byte	127
 241 00e2 02        		.byte	2
 242 00e3 0C        		.byte	12
 243 00e4 02        		.byte	2
 244 00e5 7F        		.byte	127
 245 00e6 7F        		.byte	127
 246 00e7 04        		.byte	4
 247 00e8 08        		.byte	8
 248 00e9 10        		.byte	16
 249 00ea 7F        		.byte	127
 250 00eb 3E        		.byte	62
 251 00ec 41        		.byte	65
 252 00ed 41        		.byte	65
 253 00ee 41        		.byte	65
 254 00ef 3E        		.byte	62
 255 00f0 7F        		.byte	127
 256 00f1 09        		.byte	9
 257 00f2 09        		.byte	9
 258 00f3 09        		.byte	9
 259 00f4 06        		.byte	6
 260 00f5 3E        		.byte	62
 261 00f6 41        		.byte	65
 262 00f7 51        		.byte	81
 263 00f8 21        		.byte	33
 264 00f9 5E        		.byte	94
 265 00fa 7F        		.byte	127
 266 00fb 09        		.byte	9
 267 00fc 19        		.byte	25
 268 00fd 29        		.byte	41
 269 00fe 46        		.byte	70
 270 00ff 26        		.byte	38
 271 0100 49        		.byte	73
 272 0101 49        		.byte	73
 273 0102 49        		.byte	73
 274 0103 32        		.byte	50
 275 0104 01        		.byte	1
 276 0105 01        		.byte	1
 277 0106 7F        		.byte	127
 278 0107 01        		.byte	1
 279 0108 01        		.byte	1
 280 0109 3F        		.byte	63
 281 010a 40        		.byte	64
 282 010b 40        		.byte	64
 283 010c 40        		.byte	64
 284 010d 3F        		.byte	63
 285 010e 1F        		.byte	31
 286 010f 20        		.byte	32
 287 0110 40        		.byte	64
 288 0111 20        		.byte	32
 289 0112 1F        		.byte	31
 290 0113 3F        		.byte	63
 291 0114 40        		.byte	64
 292 0115 38        		.byte	56
 293 0116 40        		.byte	64
 294 0117 3F        		.byte	63
 295 0118 63        		.byte	99
 296 0119 14        		.byte	20
 297 011a 08        		.byte	8
 298 011b 14        		.byte	20
 299 011c 63        		.byte	99
 300 011d 07        		.byte	7
 301 011e 08        		.byte	8
 302 011f 70        		.byte	112
 303 0120 08        		.byte	8
 304 0121 07        		.byte	7
 305 0122 61        		.byte	97
 306 0123 51        		.byte	81
 307 0124 49        		.byte	73
 308 0125 45        		.byte	69
 309 0126 43        		.byte	67
 310 0127 00        		.byte	0
 311 0128 7F        		.byte	127
 312 0129 41        		.byte	65
 313 012a 41        		.byte	65
 314 012b 00        		.byte	0
 315 012c 02        		.byte	2
 316 012d 04        		.byte	4
 317 012e 08        		.byte	8
 318 012f 10        		.byte	16
 319 0130 20        		.byte	32
 320 0131 00        		.byte	0
 321 0132 41        		.byte	65
 322 0133 41        		.byte	65
 323 0134 7F        		.byte	127
 324 0135 00        		.byte	0
 325 0136 04        		.byte	4
 326 0137 02        		.byte	2
 327 0138 01        		.byte	1
 328 0139 02        		.byte	2
 329 013a 04        		.byte	4
 330 013b 40        		.byte	64
 331 013c 40        		.byte	64
 332 013d 40        		.byte	64
 333 013e 40        		.byte	64
 334 013f 40        		.byte	64
 335 0140 00        		.byte	0
 336 0141 01        		.byte	1
 337 0142 02        		.byte	2
 338 0143 04        		.byte	4
 339 0144 00        		.byte	0
 340 0145 20        		.byte	32
 341 0146 54        		.byte	84
 342 0147 54        		.byte	84
 343 0148 54        		.byte	84
 344 0149 78        		.byte	120
 345 014a 7F        		.byte	127
 346 014b 48        		.byte	72
 347 014c 44        		.byte	68
 348 014d 44        		.byte	68
 349 014e 38        		.byte	56
 350 014f 38        		.byte	56
 351 0150 44        		.byte	68
 352 0151 44        		.byte	68
 353 0152 44        		.byte	68
 354 0153 20        		.byte	32
 355 0154 38        		.byte	56
 356 0155 44        		.byte	68
 357 0156 44        		.byte	68
 358 0157 48        		.byte	72
 359 0158 7F        		.byte	127
 360 0159 38        		.byte	56
 361 015a 54        		.byte	84
 362 015b 54        		.byte	84
 363 015c 54        		.byte	84
 364 015d 18        		.byte	24
 365 015e 08        		.byte	8
 366 015f 7E        		.byte	126
 367 0160 09        		.byte	9
 368 0161 01        		.byte	1
 369 0162 02        		.byte	2
 370 0163 08        		.byte	8
 371 0164 54        		.byte	84
 372 0165 54        		.byte	84
 373 0166 54        		.byte	84
 374 0167 3C        		.byte	60
 375 0168 7F        		.byte	127
 376 0169 08        		.byte	8
 377 016a 04        		.byte	4
 378 016b 04        		.byte	4
 379 016c 78        		.byte	120
 380 016d 00        		.byte	0
 381 016e 48        		.byte	72
 382 016f 7D        		.byte	125
 383 0170 40        		.byte	64
 384 0171 00        		.byte	0
 385 0172 20        		.byte	32
 386 0173 40        		.byte	64
 387 0174 44        		.byte	68
 388 0175 3D        		.byte	61
 389 0176 00        		.byte	0
 390 0177 7F        		.byte	127
 391 0178 10        		.byte	16
 392 0179 28        		.byte	40
 393 017a 44        		.byte	68
 394 017b 00        		.byte	0
 395 017c 00        		.byte	0
 396 017d 41        		.byte	65
 397 017e 7F        		.byte	127
 398 017f 40        		.byte	64
 399 0180 00        		.byte	0
 400 0181 7C        		.byte	124
 401 0182 04        		.byte	4
 402 0183 78        		.byte	120
 403 0184 04        		.byte	4
 404 0185 78        		.byte	120
 405 0186 7C        		.byte	124
 406 0187 08        		.byte	8
 407 0188 04        		.byte	4
 408 0189 04        		.byte	4
 409 018a 78        		.byte	120
 410 018b 38        		.byte	56
 411 018c 44        		.byte	68
 412 018d 44        		.byte	68
 413 018e 44        		.byte	68
 414 018f 38        		.byte	56
 415 0190 7C        		.byte	124
 416 0191 14        		.byte	20
 417 0192 14        		.byte	20
 418 0193 14        		.byte	20
 419 0194 08        		.byte	8
 420 0195 08        		.byte	8
 421 0196 14        		.byte	20
 422 0197 14        		.byte	20
 423 0198 18        		.byte	24
 424 0199 7C        		.byte	124
 425 019a 7C        		.byte	124
 426 019b 08        		.byte	8
 427 019c 04        		.byte	4
 428 019d 04        		.byte	4
 429 019e 08        		.byte	8
 430 019f 48        		.byte	72
 431 01a0 54        		.byte	84
 432 01a1 54        		.byte	84
 433 01a2 54        		.byte	84
 434 01a3 20        		.byte	32
 435 01a4 04        		.byte	4
 436 01a5 3F        		.byte	63
 437 01a6 44        		.byte	68
 438 01a7 40        		.byte	64
 439 01a8 20        		.byte	32
 440 01a9 3C        		.byte	60
 441 01aa 40        		.byte	64
 442 01ab 40        		.byte	64
 443 01ac 20        		.byte	32
 444 01ad 7C        		.byte	124
 445 01ae 1C        		.byte	28
 446 01af 20        		.byte	32
 447 01b0 40        		.byte	64
 448 01b1 20        		.byte	32
 449 01b2 1C        		.byte	28
 450 01b3 3C        		.byte	60
 451 01b4 40        		.byte	64
 452 01b5 30        		.byte	48
 453 01b6 40        		.byte	64
 454 01b7 3C        		.byte	60
 455 01b8 44        		.byte	68
 456 01b9 28        		.byte	40
 457 01ba 10        		.byte	16
 458 01bb 28        		.byte	40
 459 01bc 44        		.byte	68
 460 01bd 0C        		.byte	12
 461 01be 50        		.byte	80
 462 01bf 50        		.byte	80
 463 01c0 50        		.byte	80
 464 01c1 3C        		.byte	60
 465 01c2 44        		.byte	68
 466 01c3 64        		.byte	100
 467 01c4 54        		.byte	84
 468 01c5 4C        		.byte	76
 469 01c6 44        		.byte	68
 470 01c7 00        		.byte	0
 471 01c8 08        		.byte	8
 472 01c9 36        		.byte	54
 473 01ca 41        		.byte	65
 474 01cb 00        		.byte	0
 475 01cc 00        		.byte	0
 476 01cd 00        		.byte	0
 477 01ce 7F        		.byte	127
 478 01cf 00        		.byte	0
 479 01d0 00        		.byte	0
 480 01d1 00        		.byte	0
 481 01d2 41        		.byte	65
 482 01d3 36        		.byte	54
 483 01d4 08        		.byte	8
 484 01d5 00        		.byte	0
 485 01d6 10        		.byte	16
 486 01d7 08        		.byte	8
 487 01d8 08        		.byte	8
 488 01d9 10        		.byte	16
 489 01da 08        		.byte	8
 490               		.text
 491               	.Letext0:
 492               		.file 1 "/usr/lib/avr/include/stdint.h"
 493               		.file 2 "video_font.c"
DEFINED SYMBOLS
                            *ABS*:0000000000000000 video_font.c
     /tmp/cc3Ujtdv.s:2      *ABS*:000000000000003e __SP_H__
     /tmp/cc3Ujtdv.s:3      *ABS*:000000000000003d __SP_L__
     /tmp/cc3Ujtdv.s:4      *ABS*:000000000000003f __SREG__
     /tmp/cc3Ujtdv.s:5      *ABS*:0000000000000000 __tmp_reg__
     /tmp/cc3Ujtdv.s:6      *ABS*:0000000000000001 __zero_reg__
     /tmp/cc3Ujtdv.s:14     .progmem.data:0000000000000000 font5x7

NO UNDEFINED SYMBOLS
